{"level":"info","message":"Servidor iniciado na porta 3330"}
{"level":"info","message":"Servidor iniciado na porta 3330"}
{"level":"info","message":"Servidor iniciado na porta 3330"}
{"level":"info","message":"Novo usuário registrado: lalarcas"}
{"level":"error","message":"Erro no servidor: TypeError: req.csrfToken is not a function"}
{"level":"info","message":"Servidor iniciado na porta 3330"}
{"level":"info","message":"Servidor iniciado na porta 3330"}
{"level":"info","message":"Usuário fez login: lalarcas"}
{"level":"info","message":"Novo blog postado por: lalarcas"}
{"level":"info","message":"Novo usuário registrado: lalarquinhor"}
{"level":"info","message":"Novo usuário registrado: lalarquinhos"}
{"level":"info","message":"Usuário fez login: lalarquinhos"}
{"level":"info","message":"Novo usuário registrado: lalarcass"}
{"level":"info","message":"Novo usuário registrado: lalarc"}
{"level":"info","message":"Novo usuário registrado: Lucas"}
{"level":"error","message":"Erro no servidor: ReferenceError: token is not defined"}
{"level":"info","message":"Novo usuário registrado: luquinhars"}
{"level":"info","message":"Novo usuário registrado: abat"}
{"level":"info","message":"Novo usuário registrado: abater"}
{"level":"info","message":"Novo usuário registrado: alexandra"}
{"level":"info","message":"Novo usuário registrado: 123456"}
{"level":"info","message":"Usuário fez login: lalarcas"}
{"level":"info","message":"Usuário fez login: lalarcas"}
{"level":"info","message":"Usuário fez login: lalarcas"}
{"level":"info","message":"Usuário fez login: lalarquinhos"}
{"level":"info","message":"Usuário fez login: lalarcas"}
{"level":"info","message":"Novo blog postado por: lalarquinhos"}
{"level":"info","message":"Usuário fez login: lalarcas"}
{"level":"info","message":"Usuário fez login: lalarcas"}
{"level":"info","message":"Usuário fez login: lalarcas"}
{"level":"info","message":"Usuário fez login: lalarcas"}
{"level":"info","message":"Usuário fez login: lalarcas"}
{"level":"info","message":"Usuário fez login: lalarquinhos"}
{"level":"info","message":"Novo blog postado por: lalarquinhos"}
{"level":"info","message":"Usuário fez login: lalarcas"}
{"level":"info","message":"Usuário fez login: lalarcas"}
{"level":"info","message":"Novo blog postado por: lalarquinhos"}
{"level":"info","message":"Usuário fez login: lalarcas"}
{"level":"info","message":"Novo blog postado por: lalarquinhos"}
{"level":"info","message":"Novo blog postado por: lalarquinhos"}
{"level":"info","message":"Novo blog postado por: lalarquinhos"}
{"level":"info","message":"Novo blog postado por: lalarquinhos"}
{"level":"info","message":"Novo blog postado por: lalarquinhos"}
{"level":"info","message":"Novo blog postado por: lalarquinhos"}
{"level":"info","message":"Novo blog postado por: lalarquinhos"}
{"level":"info","message":"Novo blog postado por: lalarquinhos"}
{"level":"info","message":"Novo blog postado por: lalarquinhos"}
{"level":"info","message":"Novo blog postado por: lalarquinhos"}
{"level":"info","message":"Novo blog postado por: lalarquinhos"}
{"level":"info","message":"Novo blog postado por: lalarquinhos"}
{"level":"info","message":"Novo blog postado por: lalarquinhos"}
{"level":"info","message":"Novo blog postado por: lalarquinhos"}
{"level":"info","message":"Novo blog postado por: lalarquinhos"}
{"level":"info","message":"Novo blog postado por: lalarquinhos"}
{"level":"info","message":"Usuário fez login: lalarcas"}
{"level":"info","message":"Usuário fez login: lalarcas"}
{"level":"info","message":"Usuário fez login: lalarcas"}
{"level":"info","message":"Usuário fez login: lalarcas"}
{"level":"info","message":"Novo usuário registrado: barbosa"}
{"level":"info","message":"Usuário fez login: barbosa"}
{"level":"info","message":"Usuário fez login: barbosa"}
{"level":"info","message":"Usuário fez login: barbosa"}
{"level":"info","message":"Usuário fez login: barbosa"}
{"level":"info","message":"Usuário fez login: barbosa"}
{"level":"info","message":"Usuário fez login: barbosa"}
{"level":"info","message":"Usuário fez login: barbosa"}
{"level":"info","message":"Usuário fez login: barbosa"}
{"level":"info","message":"Usuário fez login: barbosa"}
{"level":"info","message":"Usuário fez login: barbosa"}
{"level":"info","message":"Usuário fez login: barbosa"}
{"level":"info","message":"Usuário fez login: barbosa"}
{"level":"info","message":"Usuário fez login: barbosa"}
{"level":"info","message":"Usuário fez login: barbosa"}
{"level":"info","message":"Usuário fez login: barbosa"}
{"level":"info","message":"Usuário fez login: barbosa"}
{"level":"info","message":"Usuário fez login: barbosa"}
{"level":"info","message":"Usuário fez login: barbosa"}
{"level":"info","message":"Usuário fez login: barbosa"}
{"level":"info","message":"Usuário fez login: barbosa"}
{"level":"info","message":"Novo blog postado por: barbosa"}
{"level":"info","message":"Usuário fez login: barbosa"}
{"level":"info","message":"Usuário fez login: barbosa"}
{"level":"info","message":"Usuário fez login: barbosa"}
{"level":"info","message":"Usuário fez login: barbosa"}
{"level":"info","message":"Usuário fez login: barbosa"}
{"level":"info","message":"Usuário fez login: barbosa"}
{"level":"info","message":"Usuário fez login: barbosa"}
{"level":"info","message":"Usuário fez login: barbosa"}
{"level":"info","message":"Usuário fez login: barbosa"}
{"level":"info","message":"Usuário fez login: barbosa"}
{"level":"info","message":"Usuário fez login: barbosa"}
{"level":"info","message":"Usuário fez login: barbosa"}
{"level":"info","message":"Usuário fez login: barbosa"}
{"level":"info","message":"Novo blog postado por: barbosa"}
{"level":"info","message":"Usuário fez login: barbosa"}
{"level":"info","message":"Novo blog postado por: barbosa"}
{"level":"info","message":"Usuário fez login: lalarcas"}
{"level":"info","message":"Usuário fez login: barbosa"}
{"level":"info","message":"Usuário fez login: barbosa"}
{"level":"info","message":"Usuário fez login: lalarcas"}
{"level":"info","message":"Usuário fez login: lalarcas"}
{"level":"info","message":"Usuário fez login: lalarcas"}
{"level":"info","message":"Usuário fez login: lalarcas"}
{"level":"info","message":"Usuário fez login: lalarcas"}
{"level":"info","message":"Usuário fez login: lalarcas"}
{"level":"info","message":"Usuário fez login: lalarcas"}
{"level":"info","message":"Usuário fez login: lalarcas"}
{"level":"error","message":"Erro no servidor: Error: cookieParser(\"secret\") required for signed cookies"}
{"level":"info","message":"Usuário fez login: barbosa"}
{"level":"info","message":"Usuário fez login: barbosa"}
{"level":"info","message":"Novo blog postado por: barbosa"}
{"level":"info","message":"Novo blog postado por: barbosa"}
